#
# There is insufficient memory for the Java Runtime Environment to continue.
# Native memory allocation (malloc) failed to allocate 1048576 bytes for AllocateHeap
# Possible reasons:
#   The system is out of physical RAM or swap space
#   The process is running with CompressedOops enabled, and the Java Heap may be blocking the growth of the native heap
# Possible solutions:
#   Reduce memory load on the system
#   Increase physical memory or swap space
#   Check if swap backing store is full
#   Decrease Java heap size (-Xmx/-Xms)
#   Decrease number of Java threads
#   Decrease Java thread stack sizes (-Xss)
#   Set larger code cache with -XX:ReservedCodeCacheSize=
#   JVM is running with Unscaled Compressed Oops mode in which the Java heap is
#     placed in the first 4GB address space. The Java Heap base address is the
#     maximum limit for the native heap growth. Please use -XX:HeapBaseMinAddress
#     to set the Java Heap base and to place the Java Heap above 4GB virtual address.
# This output file may be truncated or incomplete.
#
#  Out of Memory Error (memory/allocation.inline.hpp:61), pid=19680, tid=0x00000000000027a4
#
# JRE version:  (8.0_202-b58) (build )
# Java VM: OpenJDK 64-Bit Server VM (25.202-b58 mixed mode windows-amd64 compressed oops)
# Failed to write core dump. Minidumps are not enabled by default on client versions of Windows
#

---------------  T H R E A D  ---------------

Current thread (0x00000000037ae000):  JavaThread "Unknown thread" [_thread_in_vm, id=10148, stack(0x00000000035d0000,0x00000000036d0000)]

Stack: [0x00000000035d0000,0x00000000036d0000]
[error occurred during error reporting (printing stack bounds), id 0xc0000005]

Native frames: (J=compiled Java code, j=interpreted, Vv=VM code, C=native code)


---------------  P R O C E S S  ---------------

Java Threads: ( => current thread )

Other Threads:

=>0x00000000037ae000 (exited) JavaThread "Unknown thread" [_thread_in_vm, id=10148, stack(0x00000000035d0000,0x00000000036d0000)]

VM state:not at safepoint (normal execution)

VM Mutex/Monitor currently owned by a thread: None

heap address: 0x0000000081a00000, size: 2022 MB, Compressed Oops mode: 32-bit
Narrow klass base: 0x0000000000000000, Narrow klass shift: 3
Compressed class space size: 1073741824 Address: 0x0000000100000000

Heap:
 PSYoungGen      total 38400K, used 665K [0x00000000d5e00000, 0x00000000d8880000, 0x0000000100000000)
  eden space 33280K, 2% used [0x00000000d5e00000,0x00000000d5ea6670,0x00000000d7e80000)
  from space 5120K, 0% used [0x00000000d8380000,0x00000000d8380000,0x00000000d8880000)
  to   space 5120K, 0% used [0x00000000d7e80000,0x00000000d7e80000,0x00000000d8380000)
 ParOldGen       total 87552K, used 0K [0x0000000081a00000, 0x0000000086f80000, 0x00000000d5e00000)
  object space 87552K, 0% used [0x0000000081a00000,0x0000000081a00000,0x0000000086f80000)
 Metaspace       used 777K, capacity 4480K, committed 4480K, reserved 1056768K
  class space    used 74K, capacity 384K, committed 384K, reserved 1048576K

Card table byte_map: [0x0000000012c70000,0x0000000013070000] byte_map_base: 0x0000000012863000

Marking Bits: (ParMarkBitMap*) 0x0000000067a69f30
 Begin Bits: [0x0000000013b20000, 0x0000000015ab8000)
 End Bits:   [0x0000000015ab8000, 0x0000000017a50000)

Polling page: 0x00000000019b0000

CodeCache: size=245760Kb used=328Kb max_used=328Kb free=245431Kb
 bounds [0x00000000038b0000, 0x0000000003b20000, 0x00000000128b0000]
 total_blobs=57 nmethods=0 adapters=38
 compilation: enabled

Compilation events (0 events):
No events

GC Heap History (0 events):
No events

Deoptimization events (0 events):
No events

Classes redefined (0 events):
No events

Internal exceptions (0 events):
No events

Events (10 events):
Event: 0.037 loading class java/lang/Short
Event: 0.037 loading class java/lang/Short done
Event: 0.037 loading class java/lang/Integer
Event: 0.037 loading class java/lang/Integer done
Event: 0.037 loading class java/lang/Long
Event: 0.037 loading class java/lang/Long done
Event: 0.038 loading class java/lang/NullPointerException
Event: 0.038 loading class java/lang/NullPointerException done
Event: 0.038 loading class java/lang/ArithmeticException
Event: 0.038 loading class java/lang/ArithmeticException done


Dynamic libraries:
0x00007ff7fab90000 - 0x00007ff7fabc1000 	H:\IntelliJ IDEA 2019.1.3\jre64\bin\java.exe
0x00007ffcf1c70000 - 0x00007ffcf1e51000 	C:\WINDOWS\SYSTEM32\ntdll.dll
0x00007ffcf1a80000 - 0x00007ffcf1b31000 	C:\WINDOWS\System32\KERNEL32.DLL
0x00007ffcee470000 - 0x00007ffcee6e3000 	C:\WINDOWS\System32\KERNELBASE.dll
0x00007ffcf00f0000 - 0x00007ffcf0191000 	C:\WINDOWS\System32\ADVAPI32.dll
0x00007ffcf1ba0000 - 0x00007ffcf1c3e000 	C:\WINDOWS\System32\msvcrt.dll
0x00007ffcef240000 - 0x00007ffcef29b000 	C:\WINDOWS\System32\sechost.dll
0x00007ffcef110000 - 0x00007ffcef234000 	C:\WINDOWS\System32\RPCRT4.dll
0x00007ffcef900000 - 0x00007ffcefa90000 	C:\WINDOWS\System32\USER32.dll
0x00007ffcee6f0000 - 0x00007ffcee710000 	C:\WINDOWS\System32\win32u.dll
0x00007ffcef320000 - 0x00007ffcef348000 	C:\WINDOWS\System32\GDI32.dll
0x00007ffcee120000 - 0x00007ffcee2b1000 	C:\WINDOWS\System32\gdi32full.dll
0x00007ffcee710000 - 0x00007ffcee7af000 	C:\WINDOWS\System32\msvcp_win.dll
0x00007ffcee2c0000 - 0x00007ffcee3b8000 	C:\WINDOWS\System32\ucrtbase.dll
0x00007ffce1810000 - 0x00007ffce1a79000 	C:\WINDOWS\WinSxS\amd64_microsoft.windows.common-controls_6595b64144ccf1df_6.0.17134.885_none_fb42a3473065565f\COMCTL32.dll
0x00007ffcef420000 - 0x00007ffcef742000 	C:\WINDOWS\System32\combase.dll
0x00007ffcee0a0000 - 0x00007ffcee119000 	C:\WINDOWS\System32\bcryptPrimitives.dll
0x00007ffcf05f0000 - 0x00007ffcf061d000 	C:\WINDOWS\System32\IMM32.DLL
0x0000000067d80000 - 0x0000000067e52000 	H:\IntelliJ IDEA 2019.1.3\jre64\bin\msvcr100.dll
0x00000000672a0000 - 0x0000000067ae6000 	H:\IntelliJ IDEA 2019.1.3\jre64\bin\server\jvm.dll
0x00007ffcefcb0000 - 0x00007ffcefcb8000 	C:\WINDOWS\System32\PSAPI.DLL
0x00007ffce9320000 - 0x00007ffce9343000 	C:\WINDOWS\SYSTEM32\WINMM.dll
0x00007ffce8820000 - 0x00007ffce8829000 	C:\WINDOWS\SYSTEM32\WSOCK32.dll
0x00007ffce8090000 - 0x00007ffce809a000 	C:\WINDOWS\SYSTEM32\VERSION.dll
0x00007ffcefc40000 - 0x00007ffcefcac000 	C:\WINDOWS\System32\WS2_32.dll
0x00007ffce92f0000 - 0x00007ffce931a000 	C:\WINDOWS\SYSTEM32\WINMMBASE.dll
0x00007ffcee9a0000 - 0x00007ffcee9e9000 	C:\WINDOWS\System32\cfgmgr32.dll
0x00007ffce8810000 - 0x00007ffce881f000 	H:\IntelliJ IDEA 2019.1.3\jre64\bin\verify.dll
0x00007ffce4730000 - 0x00007ffce4759000 	H:\IntelliJ IDEA 2019.1.3\jre64\bin\java.dll
0x00007ffce87f0000 - 0x00007ffce8806000 	H:\IntelliJ IDEA 2019.1.3\jre64\bin\zip.dll

VM Arguments:
java_command: org.jetbrains.git4idea.http.GitAskPassApp Username for 'https://git.orhontech.com': 
java_class_path (initial): H:/IntelliJ IDEA 2019.1.3/plugins/git4idea/lib/git4idea-rt.jar;H:/IntelliJ IDEA 2019.1.3/lib/xmlrpc-2.0.1.jar;H:/IntelliJ IDEA 2019.1.3/lib/commons-codec-1.10.jar;H:/IntelliJ IDEA 2019.1.3/lib/util.jar
Launcher Type: SUN_STANDARD

Environment Variables:
PATH=C:\Program Files\Git\mingw64/libexec/git-core;C:\Program Files\Git\mingw64\bin;C:\Program Files\Git\usr\bin;C:\Users\fangxu\bin;C:\Program Files (x86)\Intel\iCLS Client\;C:\Program Files\Intel\iCLS Client\;C:\Windows\system32;C:\Windows;C:\Windows\System32\Wbem;C:\Windows\System32\WindowsPowerShell\v1.0\;C:\Program Files (x86)\NVIDIA Corporation\PhysX\Common;C:\Program Files (x86)\Intel\Intel(R) Management Engine Components\DAL;C:\Program Files\Intel\Intel(R) Management Engine Components\DAL;C:\Program Files (x86)\Intel\Intel(R) Management Engine Components\IPT;C:\Program Files\Intel\Intel(R) Management Engine Components\IPT;C:\WINDOWS\system32;C:\WINDOWS;C:\WINDOWS\System32\Wbem;C:\WINDOWS\System32\WindowsPowerShell\v1.0\;F:\xampp\php;C:\Program Files\Git\bin;C:\Program Files\Git\use\bin;F:\xampp\php\composer.phar;C:\Users\fangxu\AppData\Roaming\Composer;F:\OpenSSH for Windows\bin;C:\WINDOWS\System32\OpenSSH\;E:\Microsoft VS Code\bin;F:\redis;C:\Program Files\MongoDB\Server\4.0\bin;F:\go\bin;D:\Program Files\PuTTY\;H:\Redis\;E:\Git\cmd;F:\jdk-12.0.1\bin;%NVM_HOME%;%NVM_SYMLINK%;C:\Users\fangxu\AppData\Local\Programs\Python\Python37\Scripts\;C:\Users\fangxu\AppData\Local\Programs\Python\Python37\;C:\Users\fangxu\AppData\Local\Microsoft\WindowsApps;F:\xampp\php;F:\xampp\php\composer.phar;C:\Users\fangxu\AppData\Roaming\Composer;F:\OpenSSH for Windows\bin;F:\redis;C:\Users\fangxu\AppData\Roaming\npm;C:\Users\fangxu\go\bin;F:\go\bin;H:\Boot2Docker for Windows;F:\jdk-12.0.1\bin;C:\Users\fangxu\AppData\Roaming\nvm;C:\Program Files\nodejs
USERNAME=fangxu
DISPLAY=:0.0
OS=Windows_NT
PROCESSOR_IDENTIFIER=Intel64 Family 6 Model 158 Stepping 9, GenuineIntel



---------------  S Y S T E M  ---------------

OS: Windows 10.0 , 64 bit Build 17134 (10.0.17134.753)

CPU:total 8 (initial active 8) (4 cores per cpu, 2 threads per core) family 6 model 158 stepping 9, cmov, cx8, fxsr, mmx, sse, sse2, sse3, ssse3, sse4.1, sse4.2, popcnt, avx, avx2, aes, clmul, erms, 3dnowpref, lzcnt, ht, tsc, tscinvbit, bmi1, bmi2, adx

Memory: 4k page, physical 8278180k(1026624k free), swap 16142496k(5708k free)

vm_info: OpenJDK 64-Bit Server VM (25.202-b58) for windows-amd64 JRE (1.8.0_202-release-1483-b58), built on May 22 2019 13:19:29 by "builduser" with MS VC++ 10.0 (VS2010)

time: Tue Aug 06 11:58:49 2019
timezone: 中国标准时间
elapsed time: 0 seconds (0d 0h 0m 0s)

